<?xml version="1.0" encoding="UTF-8"?>
<testng-results ignored="0" total="3" passed="3" failed="0" skipped="0">
  <reporter-output>
  </reporter-output>
  <suite started-at="2023-04-23T05:04:12Z" name="Default suite" finished-at="2023-04-23T05:04:12Z" duration-ms="51">
    <groups>
    </groups>
    <test started-at="2023-04-23T05:04:12Z" name="Default test" finished-at="2023-04-23T05:04:12Z" duration-ms="51">
      <class name="testNG_xml_Leaning.Annotations2">
        <test-method is-config="true" signature="beforeTest01()[pri:0, instance:testNG_xml_Leaning.Annotations2@600b90df]" started-at="2023-04-23T05:04:12Z" name="beforeTest01" finished-at="2023-04-23T05:04:12Z" duration-ms="5" status="PASS">
          <reporter-output>
          </reporter-output>
        </test-method> <!-- beforeTest01 -->
        <test-method signature="BTest03()[pri:0, instance:testNG_xml_Leaning.Annotations2@600b90df]" started-at="2023-04-23T05:04:12Z" name="BTest03" finished-at="2023-04-23T05:04:12Z" duration-ms="6" status="PASS">
          <reporter-output>
          </reporter-output>
        </test-method> <!-- BTest03 -->
        <test-method is-config="true" signature="beforeTest01()[pri:0, instance:testNG_xml_Leaning.Annotations2@600b90df]" started-at="2023-04-23T05:04:12Z" name="beforeTest01" finished-at="2023-04-23T05:04:12Z" duration-ms="0" status="PASS">
          <reporter-output>
          </reporter-output>
        </test-method> <!-- beforeTest01 -->
        <test-method signature="GTest02()[pri:0, instance:testNG_xml_Leaning.Annotations2@600b90df]" started-at="2023-04-23T05:04:12Z" name="GTest02" finished-at="2023-04-23T05:04:12Z" duration-ms="2" status="PASS">
          <reporter-output>
          </reporter-output>
        </test-method> <!-- GTest02 -->
        <test-method is-config="true" signature="beforeTest01()[pri:0, instance:testNG_xml_Leaning.Annotations2@600b90df]" started-at="2023-04-23T05:04:12Z" name="beforeTest01" finished-at="2023-04-23T05:04:12Z" duration-ms="0" status="PASS">
          <reporter-output>
          </reporter-output>
        </test-method> <!-- beforeTest01 -->
        <test-method signature="ZTest01()[pri:0, instance:testNG_xml_Leaning.Annotations2@600b90df]" started-at="2023-04-23T05:04:12Z" name="ZTest01" finished-at="2023-04-23T05:04:12Z" duration-ms="2" status="PASS">
          <reporter-output>
          </reporter-output>
        </test-method> <!-- ZTest01 -->
      </class> <!-- testNG_xml_Leaning.Annotations2 -->
    </test> <!-- Default test -->
  </suite> <!-- Default suite -->
</testng-results>
