<?xml version="1.0" encoding="UTF-8"?>
<!-- Generated by org.testng.reporters.JUnitXMLReporter -->
<testsuite ignored="0" hostname="LAPTOP-7K2RC307" failures="0" tests="3" name="Default test" time="0.051" errors="0" timestamp="23 Apr 2023 05:04:12 GMT">
  <testcase classname="testNG_xml_Leaning.Annotations2" name="BTest03" time="0.006"/>
  <testcase classname="testNG_xml_Leaning.Annotations2" name="GTest02" time="0.002"/>
  <testcase classname="testNG_xml_Leaning.Annotations2" name="ZTest01" time="0.002"/>
</testsuite> <!-- Default test -->
